Vivado Simulator 2019.2
Copyright 1986-1999, 2001-2019 Xilinx, Inc. All Rights Reserved.
Running: C:/Xilinx/Vivado/2019.2/bin/unwrapped/win64.o/xelab.exe -wto 79fe2ffdd9fd4e7cb6aab320048094ee --incr --debug typical --relax --mt 2 -L xil_defaultlib -L secureip --snapshot buzzer_tb_behav xil_defaultlib.buzzer_tb -log elaborate.log 
Using 2 slave threads.
Starting static elaboration
Completed static elaboration
Starting simulation data flow analysis
Completed simulation data flow analysis
Time Resolution for simulation is 1ps
Compiling package std.standard
Compiling package std.textio
Compiling package ieee.std_logic_1164
Compiling package ieee.std_logic_arith
Compiling package ieee.std_logic_unsigned
Compiling architecture behavioral of entity xil_defaultlib.DO [do_default]
Compiling architecture behavioral of entity xil_defaultlib.RE [re_default]
Compiling architecture behavioral of entity xil_defaultlib.MI [mi_default]
Compiling architecture behavioral of entity xil_defaultlib.SOL [sol_default]
Compiling architecture behavioral of entity xil_defaultlib.LA [la_default]
Compiling architecture behavioral of entity xil_defaultlib.buzzer_top [buzzer_top_default]
Compiling architecture behavioral of entity xil_defaultlib.buzzer_tb
Built simulation snapshot buzzer_tb_behav
