Copyright 1986-2019 Xilinx, Inc. All Rights Reserved.
------------------------------------------------------------------------------------
| Tool Version : Vivado v.2019.2 (win64) Build 2708876 Wed Nov  6 21:40:23 MST 2019
| Date         : Fri Jun  5 04:45:53 2020
| Host         : DESKTOP-AHGN87K running 64-bit major release  (build 9200)
| Command      : report_control_sets -verbose -file LCD_TOP_control_sets_placed.rpt
| Design       : LCD_TOP
| Device       : xc7a75t
------------------------------------------------------------------------------------

Control Set Information

Table of Contents
-----------------
1. Summary
2. Histogram
3. Flip-Flop Distribution
4. Detailed Control Set Information

1. Summary
----------

+----------------------------------------------------------+-------+
|                          Status                          | Count |
+----------------------------------------------------------+-------+
| Total control sets                                       |     9 |
|    Minimum number of control sets                        |     9 |
|    Addition due to synthesis replication                 |     0 |
|    Addition due to physical synthesis replication        |     0 |
| Unused register locations in slices containing registers |    53 |
+----------------------------------------------------------+-------+
* Control sets can be merged at opt_design using control_set_merge or merge_equivalent_drivers
** Run report_qor_suggestions for automated merging and remapping suggestions


2. Histogram
------------

+--------------------+-------+
|       Fanout       | Count |
+--------------------+-------+
| Total control sets |     9 |
| >= 0 to < 4        |     6 |
| >= 4 to < 6        |     1 |
| >= 6 to < 8        |     0 |
| >= 8 to < 10       |     1 |
| >= 10 to < 12      |     0 |
| >= 12 to < 14      |     0 |
| >= 14 to < 16      |     0 |
| >= 16              |     1 |
+--------------------+-------+
* Control sets can be remapped at either synth_design or opt_design


3. Flip-Flop Distribution
-------------------------

+--------------+-----------------------+------------------------+-----------------+--------------+
| Clock Enable | Synchronous Set/Reset | Asynchronous Set/Reset | Total Registers | Total Slices |
+--------------+-----------------------+------------------------+-----------------+--------------+
| No           | No                    | No                     |               8 |            6 |
| No           | No                    | Yes                    |              17 |            5 |
| No           | Yes                   | No                     |               1 |            1 |
| Yes          | No                    | No                     |               0 |            0 |
| Yes          | No                    | Yes                    |               0 |            0 |
| Yes          | Yes                   | No                     |               9 |            9 |
+--------------+-----------------------+------------------------+-----------------+--------------+


4. Detailed Control Set Information
-----------------------------------

+----------------+------------------+--------------------+------------------+----------------+
|  Clock Signal  |   Enable Signal  |  Set/Reset Signal  | Slice Load Count | Bel Load Count |
+----------------+------------------+--------------------+------------------+----------------+
|  U0/CLK        |                  | U1/E0              |                1 |              1 |
|  U0/CLK        | U1/DB[3]_i_2_n_0 | U1/DB[3]_i_1_n_0   |                1 |              1 |
|  U0/CLK        | U1/DB[3]_i_2_n_0 | U1/DB[0]_i_1_n_0   |                1 |              1 |
|  U0/CLK        | U1/RS_i_2_n_0    | U1/RS_i_1_n_0      |                1 |              1 |
|  U0/CLK        | U1/DB[7]_i_2_n_0 | U1/DB[7]_i_1_n_0   |                1 |              1 |
|  U0/CLK        | U1/DB[7]_i_2_n_0 | U1/DB[6]_i_1_n_0   |                1 |              1 |
|  U0/CLK        | U1/DB[5]_i_2_n_0 | U1/DB[5]_i_1_n_0   |                4 |              4 |
|  U0/CLK        |                  |                    |                6 |              8 |
|  CLK_IBUF_BUFG |                  | U0/clk_50k_i_2_n_0 |                5 |             17 |
+----------------+------------------+--------------------+------------------+----------------+


