
*** Running vivado
    with args -log buzzer_top.vds -m64 -product Vivado -mode batch -messageDb vivado.pb -notrace -source buzzer_top.tcl


****** Vivado v2019.2 (64-bit)
  **** SW Build 2708876 on Wed Nov  6 21:40:23 MST 2019
  **** IP Build 2700528 on Thu Nov  7 00:09:20 MST 2019
    ** Copyright 1986-2019 Xilinx, Inc. All Rights Reserved.

source buzzer_top.tcl -notrace
Command: synth_design -top buzzer_top -part xc7a75tfgg484-1
Starting synth_design
Attempting to get a license for feature 'Synthesis' and/or device 'xc7a75t'
INFO: [Common 17-349] Got license for feature 'Synthesis' and/or device 'xc7a75t'
INFO: [Device 21-403] Loading part xc7a75tfgg484-1
INFO: Launching helper process for spawning children vivado processes
INFO: Helper process launched with PID 15304 
---------------------------------------------------------------------------------
Starting RTL Elaboration : Time (s): cpu = 00:00:03 ; elapsed = 00:00:03 . Memory (MB): peak = 852.273 ; gain = 234.137
---------------------------------------------------------------------------------
INFO: [Synth 8-638] synthesizing module 'buzzer_top' [C:/Xilinx/project/buzzer/buzzer.srcs/sources_1/new/buzzer_top.vhd:44]
INFO: [Synth 8-3491] module 'DO' declared at 'C:/Xilinx/project/buzzer/buzzer.srcs/sources_1/new/DO.vhd:35' bound to instance 'U0' of component 'DO' [C:/Xilinx/project/buzzer/buzzer.srcs/sources_1/new/buzzer_top.vhd:79]
INFO: [Synth 8-638] synthesizing module 'DO' [C:/Xilinx/project/buzzer/buzzer.srcs/sources_1/new/DO.vhd:41]
INFO: [Synth 8-256] done synthesizing module 'DO' (1#1) [C:/Xilinx/project/buzzer/buzzer.srcs/sources_1/new/DO.vhd:41]
INFO: [Synth 8-3491] module 'RE' declared at 'C:/Xilinx/project/buzzer/buzzer.srcs/sources_1/new/RE.vhd:35' bound to instance 'U1' of component 'RE' [C:/Xilinx/project/buzzer/buzzer.srcs/sources_1/new/buzzer_top.vhd:80]
INFO: [Synth 8-638] synthesizing module 'RE' [C:/Xilinx/project/buzzer/buzzer.srcs/sources_1/new/RE.vhd:41]
INFO: [Synth 8-256] done synthesizing module 'RE' (2#1) [C:/Xilinx/project/buzzer/buzzer.srcs/sources_1/new/RE.vhd:41]
INFO: [Synth 8-3491] module 'MI' declared at 'C:/Xilinx/project/buzzer/buzzer.srcs/sources_1/new/MI.vhd:35' bound to instance 'U2' of component 'MI' [C:/Xilinx/project/buzzer/buzzer.srcs/sources_1/new/buzzer_top.vhd:81]
INFO: [Synth 8-638] synthesizing module 'MI' [C:/Xilinx/project/buzzer/buzzer.srcs/sources_1/new/MI.vhd:41]
INFO: [Synth 8-256] done synthesizing module 'MI' (3#1) [C:/Xilinx/project/buzzer/buzzer.srcs/sources_1/new/MI.vhd:41]
INFO: [Synth 8-3491] module 'SOL' declared at 'C:/Xilinx/project/buzzer/buzzer.srcs/sources_1/new/SOL.vhd:35' bound to instance 'U3' of component 'SOL' [C:/Xilinx/project/buzzer/buzzer.srcs/sources_1/new/buzzer_top.vhd:82]
INFO: [Synth 8-638] synthesizing module 'SOL' [C:/Xilinx/project/buzzer/buzzer.srcs/sources_1/new/SOL.vhd:41]
INFO: [Synth 8-256] done synthesizing module 'SOL' (4#1) [C:/Xilinx/project/buzzer/buzzer.srcs/sources_1/new/SOL.vhd:41]
INFO: [Synth 8-3491] module 'LA' declared at 'C:/Xilinx/project/buzzer/buzzer.srcs/sources_1/new/LA.vhd:35' bound to instance 'U4' of component 'LA' [C:/Xilinx/project/buzzer/buzzer.srcs/sources_1/new/buzzer_top.vhd:83]
INFO: [Synth 8-638] synthesizing module 'LA' [C:/Xilinx/project/buzzer/buzzer.srcs/sources_1/new/LA.vhd:41]
INFO: [Synth 8-256] done synthesizing module 'LA' (5#1) [C:/Xilinx/project/buzzer/buzzer.srcs/sources_1/new/LA.vhd:41]
INFO: [Synth 8-256] done synthesizing module 'buzzer_top' (6#1) [C:/Xilinx/project/buzzer/buzzer.srcs/sources_1/new/buzzer_top.vhd:44]
---------------------------------------------------------------------------------
Finished RTL Elaboration : Time (s): cpu = 00:00:04 ; elapsed = 00:00:04 . Memory (MB): peak = 924.547 ; gain = 306.410
---------------------------------------------------------------------------------

Report Check Netlist: 
+------+------------------+-------+---------+-------+------------------+
|      |Item              |Errors |Warnings |Status |Description       |
+------+------------------+-------+---------+-------+------------------+
|1     |multi_driven_nets |      0|        0|Passed |Multi driven nets |
+------+------------------+-------+---------+-------+------------------+
---------------------------------------------------------------------------------
Start Handling Custom Attributes
---------------------------------------------------------------------------------
---------------------------------------------------------------------------------
Finished Handling Custom Attributes : Time (s): cpu = 00:00:05 ; elapsed = 00:00:05 . Memory (MB): peak = 924.547 ; gain = 306.410
---------------------------------------------------------------------------------
---------------------------------------------------------------------------------
Finished RTL Optimization Phase 1 : Time (s): cpu = 00:00:05 ; elapsed = 00:00:05 . Memory (MB): peak = 924.547 ; gain = 306.410
---------------------------------------------------------------------------------
Netlist sorting complete. Time (s): cpu = 00:00:00 ; elapsed = 00:00:00.002 . Memory (MB): peak = 924.547 ; gain = 0.000
INFO: [Project 1-570] Preparing netlist for logic optimization

Processing XDC Constraints
Initializing timing engine
Parsing XDC File [C:/Xilinx/project/buzzer/buzzer.srcs/constrs_1/new/buzzer_top.xdc]
Finished Parsing XDC File [C:/Xilinx/project/buzzer/buzzer.srcs/constrs_1/new/buzzer_top.xdc]
INFO: [Project 1-236] Implementation specific constraints were found while reading constraint file [C:/Xilinx/project/buzzer/buzzer.srcs/constrs_1/new/buzzer_top.xdc]. These constraints will be ignored for synthesis but will be used in implementation. Impacted constraints are listed in the file [.Xil/buzzer_top_propImpl.xdc].
Resolution: To avoid this warning, move constraints listed in [.Xil/buzzer_top_propImpl.xdc] to another XDC file and exclude this new file from synthesis with the used_in_synthesis property (File Properties dialog in GUI) and re-run elaboration/synthesis.
Completed Processing XDC Constraints

Netlist sorting complete. Time (s): cpu = 00:00:00 ; elapsed = 00:00:00 . Memory (MB): peak = 1017.301 ; gain = 0.000
INFO: [Project 1-111] Unisim Transformation Summary:
No Unisim elements were transformed.

Constraint Validation Runtime : Time (s): cpu = 00:00:00 ; elapsed = 00:00:00.005 . Memory (MB): peak = 1017.301 ; gain = 0.000
---------------------------------------------------------------------------------
Finished Constraint Validation : Time (s): cpu = 00:00:10 ; elapsed = 00:00:10 . Memory (MB): peak = 1017.301 ; gain = 399.164
---------------------------------------------------------------------------------
---------------------------------------------------------------------------------
Start Loading Part and Timing Information
---------------------------------------------------------------------------------
Loading part: xc7a75tfgg484-1
---------------------------------------------------------------------------------
Finished Loading Part and Timing Information : Time (s): cpu = 00:00:10 ; elapsed = 00:00:10 . Memory (MB): peak = 1017.301 ; gain = 399.164
---------------------------------------------------------------------------------
---------------------------------------------------------------------------------
Start Applying 'set_property' XDC Constraints
---------------------------------------------------------------------------------
---------------------------------------------------------------------------------
Finished applying 'set_property' XDC Constraints : Time (s): cpu = 00:00:10 ; elapsed = 00:00:10 . Memory (MB): peak = 1017.301 ; gain = 399.164
---------------------------------------------------------------------------------
---------------------------------------------------------------------------------
Finished RTL Optimization Phase 2 : Time (s): cpu = 00:00:10 ; elapsed = 00:00:10 . Memory (MB): peak = 1017.301 ; gain = 399.164
---------------------------------------------------------------------------------

Report RTL Partitions: 
+-+--------------+------------+----------+
| |RTL Partition |Replication |Instances |
+-+--------------+------------+----------+
+-+--------------+------------+----------+
---------------------------------------------------------------------------------
Start RTL Component Statistics 
---------------------------------------------------------------------------------
Detailed RTL Component Info : 
+---Registers : 
	                1 Bit    Registers := 5     
---------------------------------------------------------------------------------
Finished RTL Component Statistics 
---------------------------------------------------------------------------------
---------------------------------------------------------------------------------
Start RTL Hierarchical Component Statistics 
---------------------------------------------------------------------------------
Hierarchical RTL Component report 
Module DO 
Detailed RTL Component Info : 
+---Registers : 
	                1 Bit    Registers := 1     
Module RE 
Detailed RTL Component Info : 
+---Registers : 
	                1 Bit    Registers := 1     
Module MI 
Detailed RTL Component Info : 
+---Registers : 
	                1 Bit    Registers := 1     
Module SOL 
Detailed RTL Component Info : 
+---Registers : 
	                1 Bit    Registers := 1     
Module LA 
Detailed RTL Component Info : 
+---Registers : 
	                1 Bit    Registers := 1     
---------------------------------------------------------------------------------
Finished RTL Hierarchical Component Statistics
---------------------------------------------------------------------------------
---------------------------------------------------------------------------------
Start Part Resource Summary
---------------------------------------------------------------------------------
Part Resources:
DSPs: 180 (col length:80)
BRAMs: 210 (col length: RAMB18 80 RAMB36 40)
---------------------------------------------------------------------------------
Finished Part Resource Summary
---------------------------------------------------------------------------------
---------------------------------------------------------------------------------
Start Cross Boundary and Area Optimization
---------------------------------------------------------------------------------
Warning: Parallel synthesis criteria is not met 
---------------------------------------------------------------------------------
Finished Cross Boundary and Area Optimization : Time (s): cpu = 00:00:11 ; elapsed = 00:00:12 . Memory (MB): peak = 1017.301 ; gain = 399.164
---------------------------------------------------------------------------------

Report RTL Partitions: 
+-+--------------+------------+----------+
| |RTL Partition |Replication |Instances |
+-+--------------+------------+----------+
+-+--------------+------------+----------+
---------------------------------------------------------------------------------
Start Applying XDC Timing Constraints
---------------------------------------------------------------------------------
---------------------------------------------------------------------------------
Finished Applying XDC Timing Constraints : Time (s): cpu = 00:00:17 ; elapsed = 00:00:18 . Memory (MB): peak = 1017.301 ; gain = 399.164
---------------------------------------------------------------------------------
---------------------------------------------------------------------------------
Start Timing Optimization
---------------------------------------------------------------------------------
---------------------------------------------------------------------------------
Finished Timing Optimization : Time (s): cpu = 00:00:17 ; elapsed = 00:00:18 . Memory (MB): peak = 1017.301 ; gain = 399.164
---------------------------------------------------------------------------------

Report RTL Partitions: 
+-+--------------+------------+----------+
| |RTL Partition |Replication |Instances |
+-+--------------+------------+----------+
+-+--------------+------------+----------+
---------------------------------------------------------------------------------
Start Technology Mapping
---------------------------------------------------------------------------------
---------------------------------------------------------------------------------
Finished Technology Mapping : Time (s): cpu = 00:00:17 ; elapsed = 00:00:18 . Memory (MB): peak = 1017.301 ; gain = 399.164
---------------------------------------------------------------------------------

Report RTL Partitions: 
+-+--------------+------------+----------+
| |RTL Partition |Replication |Instances |
+-+--------------+------------+----------+
+-+--------------+------------+----------+
---------------------------------------------------------------------------------
Start IO Insertion
---------------------------------------------------------------------------------
---------------------------------------------------------------------------------
Start Flattening Before IO Insertion
---------------------------------------------------------------------------------
---------------------------------------------------------------------------------
Finished Flattening Before IO Insertion
---------------------------------------------------------------------------------
---------------------------------------------------------------------------------
Start Final Netlist Cleanup
---------------------------------------------------------------------------------
---------------------------------------------------------------------------------
Finished Final Netlist Cleanup
---------------------------------------------------------------------------------
---------------------------------------------------------------------------------
Finished IO Insertion : Time (s): cpu = 00:00:21 ; elapsed = 00:00:22 . Memory (MB): peak = 1029.949 ; gain = 411.813
---------------------------------------------------------------------------------
---------------------------------------------------------------------------------
Start Renaming Generated Instances
---------------------------------------------------------------------------------
---------------------------------------------------------------------------------
Finished Renaming Generated Instances : Time (s): cpu = 00:00:21 ; elapsed = 00:00:22 . Memory (MB): peak = 1029.949 ; gain = 411.813
---------------------------------------------------------------------------------

Report RTL Partitions: 
+-+--------------+------------+----------+
| |RTL Partition |Replication |Instances |
+-+--------------+------------+----------+
+-+--------------+------------+----------+

Report Check Netlist: 
+------+------------------+-------+---------+-------+------------------+
|      |Item              |Errors |Warnings |Status |Description       |
+------+------------------+-------+---------+-------+------------------+
|1     |multi_driven_nets |      0|        0|Passed |Multi driven nets |
+------+------------------+-------+---------+-------+------------------+
---------------------------------------------------------------------------------
Start Rebuilding User Hierarchy
---------------------------------------------------------------------------------
---------------------------------------------------------------------------------
Finished Rebuilding User Hierarchy : Time (s): cpu = 00:00:21 ; elapsed = 00:00:22 . Memory (MB): peak = 1029.949 ; gain = 411.813
---------------------------------------------------------------------------------
---------------------------------------------------------------------------------
Start Renaming Generated Ports
---------------------------------------------------------------------------------
---------------------------------------------------------------------------------
Finished Renaming Generated Ports : Time (s): cpu = 00:00:21 ; elapsed = 00:00:22 . Memory (MB): peak = 1029.949 ; gain = 411.813
---------------------------------------------------------------------------------
---------------------------------------------------------------------------------
Start Handling Custom Attributes
---------------------------------------------------------------------------------
---------------------------------------------------------------------------------
Finished Handling Custom Attributes : Time (s): cpu = 00:00:21 ; elapsed = 00:00:22 . Memory (MB): peak = 1029.949 ; gain = 411.813
---------------------------------------------------------------------------------
---------------------------------------------------------------------------------
Start Renaming Generated Nets
---------------------------------------------------------------------------------
---------------------------------------------------------------------------------
Finished Renaming Generated Nets : Time (s): cpu = 00:00:21 ; elapsed = 00:00:22 . Memory (MB): peak = 1029.949 ; gain = 411.813
---------------------------------------------------------------------------------
---------------------------------------------------------------------------------
Start Writing Synthesis Report
---------------------------------------------------------------------------------

Report BlackBoxes: 
+-+--------------+----------+
| |BlackBox name |Instances |
+-+--------------+----------+
+-+--------------+----------+

Report Cell Usage: 
+------+-------+------+
|      |Cell   |Count |
+------+-------+------+
|1     |BUFG   |     1|
|2     |CARRY4 |    25|
|3     |LUT1   |     5|
|4     |LUT4   |    10|
|5     |LUT5   |   111|
|6     |FDCE   |    95|
|7     |IBUF   |     6|
|8     |OBUF   |     1|
+------+-------+------+

Report Instance Areas: 
+------+---------+-------+------+
|      |Instance |Module |Cells |
+------+---------+-------+------+
|1     |top      |       |   254|
|2     |  U0     |DO     |    50|
|3     |  U1     |RE     |    49|
|4     |  U2     |MI     |    49|
|5     |  U3     |SOL    |    49|
|6     |  U4     |LA     |    49|
+------+---------+-------+------+
---------------------------------------------------------------------------------
Finished Writing Synthesis Report : Time (s): cpu = 00:00:21 ; elapsed = 00:00:22 . Memory (MB): peak = 1029.949 ; gain = 411.813
---------------------------------------------------------------------------------
Synthesis finished with 0 errors, 0 critical warnings and 0 warnings.
Synthesis Optimization Runtime : Time (s): cpu = 00:00:15 ; elapsed = 00:00:20 . Memory (MB): peak = 1029.949 ; gain = 319.059
Synthesis Optimization Complete : Time (s): cpu = 00:00:21 ; elapsed = 00:00:22 . Memory (MB): peak = 1029.949 ; gain = 411.813
INFO: [Project 1-571] Translating synthesized netlist
Netlist sorting complete. Time (s): cpu = 00:00:00 ; elapsed = 00:00:00.002 . Memory (MB): peak = 1029.949 ; gain = 0.000
INFO: [Netlist 29-17] Analyzing 25 Unisim elements for replacement
INFO: [Netlist 29-28] Unisim Transformation completed in 0 CPU seconds
INFO: [Project 1-570] Preparing netlist for logic optimization
INFO: [Opt 31-138] Pushed 0 inverter(s) to 0 load pin(s).
Netlist sorting complete. Time (s): cpu = 00:00:00 ; elapsed = 00:00:00 . Memory (MB): peak = 1039.695 ; gain = 0.000
INFO: [Project 1-111] Unisim Transformation Summary:
No Unisim elements were transformed.

INFO: [Common 17-83] Releasing license: Synthesis
29 Infos, 0 Warnings, 0 Critical Warnings and 0 Errors encountered.
synth_design completed successfully
synth_design: Time (s): cpu = 00:00:25 ; elapsed = 00:00:26 . Memory (MB): peak = 1039.695 ; gain = 734.383
Netlist sorting complete. Time (s): cpu = 00:00:00 ; elapsed = 00:00:00 . Memory (MB): peak = 1039.695 ; gain = 0.000
WARNING: [Constraints 18-5210] No constraints selected for write.
Resolution: This message can indicate that there are no constraints for the design, or it can indicate that the used_in flags are set such that the constraints are ignored. This later case is used when running synth_design to not write synthesis constraints to the resulting checkpoint. Instead, project constraints are read when the synthesized design is opened.
INFO: [Common 17-1381] The checkpoint 'C:/Xilinx/project/buzzer/buzzer.runs/synth_1/buzzer_top.dcp' has been generated.
INFO: [runtcl-4] Executing : report_utilization -file buzzer_top_utilization_synth.rpt -pb buzzer_top_utilization_synth.pb
INFO: [Common 17-206] Exiting Vivado at Thu Jun 11 02:08:18 2020...
