Copyright 1986-2019 Xilinx, Inc. All Rights Reserved.
----------------------------------------------------------------------------------------
| Tool Version : Vivado v.2019.2 (win64) Build 2708876 Wed Nov  6 21:40:23 MST 2019
| Date         : Sat Jun 20 14:37:10 2020
| Host         : DESKTOP-AHGN87K running 64-bit major release  (build 9200)
| Command      : report_control_sets -verbose -file effect_7seg_control_sets_placed.rpt
| Design       : effect_7seg
| Device       : xc7a75t
----------------------------------------------------------------------------------------

Control Set Information

Table of Contents
-----------------
1. Summary
2. Histogram
3. Flip-Flop Distribution
4. Detailed Control Set Information

1. Summary
----------

+----------------------------------------------------------+-------+
|                          Status                          | Count |
+----------------------------------------------------------+-------+
| Total control sets                                       |     2 |
|    Minimum number of control sets                        |     2 |
|    Addition due to synthesis replication                 |     0 |
|    Addition due to physical synthesis replication        |     0 |
| Unused register locations in slices containing registers |     4 |
+----------------------------------------------------------+-------+
* Control sets can be merged at opt_design using control_set_merge or merge_equivalent_drivers
** Run report_qor_suggestions for automated merging and remapping suggestions


2. Histogram
------------

+--------------------+-------+
|       Fanout       | Count |
+--------------------+-------+
| Total control sets |     2 |
| >= 0 to < 4        |     0 |
| >= 4 to < 6        |     0 |
| >= 6 to < 8        |     0 |
| >= 8 to < 10       |     0 |
| >= 10 to < 12      |     0 |
| >= 12 to < 14      |     1 |
| >= 14 to < 16      |     0 |
| >= 16              |     1 |
+--------------------+-------+
* Control sets can be remapped at either synth_design or opt_design


3. Flip-Flop Distribution
-------------------------

+--------------+-----------------------+------------------------+-----------------+--------------+
| Clock Enable | Synchronous Set/Reset | Asynchronous Set/Reset | Total Registers | Total Slices |
+--------------+-----------------------+------------------------+-----------------+--------------+
| No           | No                    | No                     |               0 |            0 |
| No           | No                    | Yes                    |               0 |            0 |
| No           | Yes                   | No                     |               0 |            0 |
| Yes          | No                    | No                     |               0 |            0 |
| Yes          | No                    | Yes                    |              12 |            4 |
| Yes          | Yes                   | No                     |              24 |            6 |
+--------------+-----------------------+------------------------+-----------------+--------------+


4. Detailed Control Set Information
-----------------------------------

+----------------+---------------------------------+---------------------------------+------------------+----------------+
|  Clock Signal  |          Enable Signal          |         Set/Reset Signal        | Slice Load Count | Bel Load Count |
+----------------+---------------------------------+---------------------------------+------------------+----------------+
|  clk_IBUF_BUFG | FSM_onehot_pr_state[11]_i_1_n_0 | FSM_onehot_pr_state[11]_i_2_n_0 |                4 |             12 |
|  clk_IBUF_BUFG | nrst_IBUF                       | count0                          |                6 |             24 |
+----------------+---------------------------------+---------------------------------+------------------+----------------+


