Copyright 1986-2019 Xilinx, Inc. All Rights Reserved.
-----------------------------------------------------------------------------------------------------------------------------------------------
| Tool Version : Vivado v.2019.2 (win64) Build 2708876 Wed Nov  6 21:40:23 MST 2019
| Date         : Thu May  7 03:44:44 2020
| Host         : DESKTOP-AHGN87K running 64-bit major release  (build 9200)
| Command      : report_methodology -file tff_methodology_drc_routed.rpt -pb tff_methodology_drc_routed.pb -rpx tff_methodology_drc_routed.rpx
| Design       : tff
| Device       : xc7a75tfgg484-1
| Speed File   : -1
| Design State : Fully Routed
-----------------------------------------------------------------------------------------------------------------------------------------------

Report Methodology

Table of Contents
-----------------
1. REPORT SUMMARY
2. REPORT DETAILS

1. REPORT SUMMARY
-----------------
            Netlist: netlist
          Floorplan: design_1
      Design limits: <entire design considered>
             Max violations: <unlimited>
             Violations found: 4
+-----------+------------------+------------------------------+------------+
| Rule      | Severity         | Description                  | Violations |
+-----------+------------------+------------------------------+------------+
| TIMING-17 | Critical Warning | Non-clocked sequential cell  | 2          |
| LUTAR-1   | Warning          | LUT drives async reset alert | 1          |
| TIMING-20 | Warning          | Non-clocked latch            | 1          |
+-----------+------------------+------------------------------+------------+

2. REPORT DETAILS
-----------------
TIMING-17#1 Critical Warning
Non-clocked sequential cell  
The clock pin qq_reg_C/C is not reached by a timing clock
Related violations: <none>

TIMING-17#2 Critical Warning
Non-clocked sequential cell  
The clock pin qq_reg_P/C is not reached by a timing clock
Related violations: <none>

LUTAR-1#1 Warning
LUT drives async reset alert  
LUT cell qq_reg_LDC_i_2, with 2 or more inputs, drives asynchronous preset/clear pin(s) qq_reg_C/CLR, qq_reg_LDC/CLR. The LUT may glitch and trigger an unexpected reset, even if it is a properly timed path.
Related violations: <none>

TIMING-20#1 Warning
Non-clocked latch  
The latch qq_reg_LDC cannot be properly analyzed as its control pin qq_reg_LDC/G is not reached by a timing clock
Related violations: <none>


